2026-01-11 09:17:17 - __main__ - INFO - [<module>:40] - Using enhanced dataset (root): time_series_dataset_enriched_v2.csv
2026-01-11 09:17:17 - __main__ - INFO - [<module>:439] - MODULAR BANK AUDIT SYSTEM - EXAMPLES
2026-01-11 09:17:17 - __main__ - INFO - [run_simple_audit_example:59] - ================================================================================
2026-01-11 09:17:17 - __main__ - INFO - [run_simple_audit_example:60] - EXAMPLE 1: Simple Audit for Single Bank
2026-01-11 09:17:17 - __main__ - INFO - [run_simple_audit_example:61] - ================================================================================
2026-01-11 09:17:17 - bank_audit_system - INFO - [__init__:87] - Initializing Bank Audit System for VCB Bank - Period: 2024-Q1
2026-01-11 09:17:17 - temp_module - INFO - [__init__:103] - Initialized Credit Risk Model in state: uninitialized
2026-01-11 09:17:17 - temp_module - INFO - [__init__:103] - Initialized Liquidity Risk Model in state: uninitialized
2026-01-11 09:17:17 - bank_audit_system - INFO - [run_complete_audit:442] - Starting Complete Audit for VCB
2026-01-11 09:17:17 - bank_audit_system - INFO - [load_and_prepare_data:164] - Loading data for bank VCB
2026-01-11 09:17:17 - temp_module - INFO - [load_time_series_data:87] - Loading time series data for bank: VCB
2026-01-11 09:17:17 - temp_module - INFO - [load_time_series_data:104] - Found 20 records for bank VCB
2026-01-11 09:17:17 - temp_module - INFO - [load_time_series_data:126] - Successfully loaded time series data with 20 periods
2026-01-11 09:17:17 - bank_audit_system - INFO - [load_and_prepare_data:173] - Calculating financial ratios
2026-01-11 09:17:17 - temp_module - INFO - [calculate_time_series_ratios:157] - Calculating time series ratios for bank VCB
2026-01-11 09:17:17 - temp_module - INFO - [calculate_time_series_ratios:178] - Successfully calculated ratios for 20 periods
2026-01-11 09:17:17 - bank_audit_system - INFO - [load_and_prepare_data:177] - Preparing features for modeling
2026-01-11 09:17:17 - temp_module - INFO - [prepare_time_series_features:301] - Preparing time series features for bank VCB
2026-01-11 09:17:17 - temp_module - INFO - [calculate_time_series_ratios:157] - Calculating time series ratios for bank VCB
2026-01-11 09:17:17 - temp_module - INFO - [calculate_time_series_ratios:178] - Successfully calculated ratios for 20 periods
2026-01-11 09:17:17 - temp_module - INFO - [calculate_growth_rates:207] - Calculating growth rates for bank VCB
2026-01-11 09:17:17 - temp_module - INFO - [calculate_growth_rates:218] - Successfully calculated growth rates for 60 metrics
2026-01-11 09:17:17 - temp_module - INFO - [prepare_time_series_features:322] - Successfully prepared 451 features
2026-01-11 09:17:17 - bank_audit_system - INFO - [load_and_prepare_data:186] - Data preparation complete for VCB
2026-01-11 09:17:17 - bank_audit_system - INFO - [train_models:209] - Training risk assessment models
2026-01-11 09:17:17 - temp_module - INFO - [_mark_as_trained:123] - Credit Risk Model state changed to: trained
2026-01-11 09:17:20 - temp_module - INFO - [_train_elliptic_envelope:492] - Applied PCA to ensure full-rank covariance for EllipticEnvelope
2026-01-11 09:17:20 - bank_audit_system - INFO - [assess_all_risks:253] - Performing comprehensive risk assessment...
2026-01-11 09:17:20 - bank_audit_system - INFO - [run_complete_audit:463] - Audit Complete
2026-01-11 09:17:20 - temp_module - INFO - [print_report:451] - BANK AUDIT REPORT - VCB Bank
2026-01-11 09:17:20 - temp_module - INFO - [print_report:452] - Audit Period: 2024-Q1
2026-01-11 09:17:20 - temp_module - INFO - [print_report:453] - Report Date: 2026-01-11T09:17:20.143515
2026-01-11 09:17:20 - temp_module - INFO - [print_report:458] - EXECUTIVE SUMMARY
2026-01-11 09:17:20 - temp_module - INFO - [print_report:459] - Overall Status: LOW_RISK
2026-01-11 09:17:20 - temp_module - INFO - [print_report:472] - Strengths:
2026-01-11 09:17:20 - temp_module - INFO - [print_report:474] -   • Strong credit quality (Score: 8.9)
2026-01-11 09:17:20 - temp_module - INFO - [print_report:479] - OVERALL RISK ASSESSMENT
2026-01-11 09:17:20 - temp_module - INFO - [print_report:480] - Risk Score: 27.97
2026-01-11 09:17:20 - temp_module - INFO - [print_report:481] - Risk Level: MINIMAL
2026-01-11 09:17:20 - temp_module - INFO - [print_report:486] - Early Warnings: 0 (no adjustment)
2026-01-11 09:17:20 - temp_module - INFO - [print_report:490] - RECOMMENDATIONS
2026-01-11 09:17:20 - temp_module - INFO - [print_report:492] - 1. [LOW] Continue monitoring key risk indicators
2026-01-11 09:17:20 - temp_module - INFO - [print_report:493] -    Action: Maintain current risk management practices
2026-01-11 09:17:20 - temp_module - INFO - [print_report:494] -    Timeline: Ongoing
2026-01-11 09:17:21 - temp_module - INFO - [create_risk_dashboard:536] - Dashboard saved to: outputs/vcb_bank_dashboard.png
2026-01-11 09:17:21 - bank_audit_system - INFO - [export_results:508] - Results exported to outputs/vcb_bank_report.json
2026-01-11 09:17:21 - __main__ - INFO - [run_batch_audit_example:343] - EXAMPLE 6: Batch Processing (Optimized)
2026-01-11 09:17:21 - __main__ - INFO - [run_batch_audit_example:350] - Loaded 200 records for 10 banks
2026-01-11 09:17:21 - __main__ - INFO - [run_batch_audit_example:356] - 1. Computing ratios for all banks (vectorized)...
2026-01-11 09:17:21 - __main__ - INFO - [run_batch_audit_example:358] -    - Computed 200 ratio records
2026-01-11 09:17:21 - __main__ - INFO - [run_batch_audit_example:361] - 2. Identifying high-risk banks (vectorized)...
2026-01-11 09:17:21 - __main__ - INFO - [run_batch_audit_example:378] -    - Found 10 banks with violations
2026-01-11 09:17:21 - __main__ - INFO - [run_batch_audit_example:383] - 3. Computing statistics across all banks (vectorized)...
2026-01-11 09:17:21 - __main__ - INFO - [run_batch_audit_example:386] -    - Statistics for 10 banks
2026-01-11 09:17:21 - __main__ - INFO - [run_batch_audit_example:390] - 4. Ranking banks by NPL ratio (vectorized)...
2026-01-11 09:17:21 - __main__ - INFO - [run_batch_audit_example:392] -    - Top 5 safest banks (lowest NPL):
2026-01-11 09:17:21 - __main__ - INFO - [run_batch_audit_example:396] - 5. Detecting outlier banks (vectorized)...
2026-01-11 09:17:21 - __main__ - INFO - [run_batch_audit_example:402] -    - Found 0 outlier banks
2026-01-11 09:17:21 - __main__ - INFO - [run_batch_audit_example:405] - 6. Running audits for all banks (batch mode)...
2026-01-11 09:17:21 - bank_audit_system - INFO - [__init__:87] - Initializing Bank Audit System for VCB - Period: 2024
2026-01-11 09:17:21 - temp_module - INFO - [__init__:103] - Initialized Credit Risk Model in state: uninitialized
2026-01-11 09:17:21 - temp_module - INFO - [__init__:103] - Initialized Liquidity Risk Model in state: uninitialized
2026-01-11 09:17:21 - bank_audit_system - INFO - [run_complete_audit:442] - Starting Complete Audit for VCB
2026-01-11 09:17:21 - bank_audit_system - INFO - [load_and_prepare_data:164] - Loading data for bank VCB
2026-01-11 09:17:21 - temp_module - INFO - [load_time_series_data:87] - Loading time series data for bank: VCB
2026-01-11 09:17:21 - temp_module - INFO - [load_time_series_data:104] - Found 20 records for bank VCB
2026-01-11 09:17:21 - temp_module - INFO - [load_time_series_data:126] - Successfully loaded time series data with 20 periods
2026-01-11 09:17:21 - bank_audit_system - INFO - [load_and_prepare_data:173] - Calculating financial ratios
2026-01-11 09:17:21 - temp_module - INFO - [calculate_time_series_ratios:157] - Calculating time series ratios for bank VCB
2026-01-11 09:17:21 - temp_module - INFO - [calculate_time_series_ratios:178] - Successfully calculated ratios for 20 periods
2026-01-11 09:17:21 - bank_audit_system - INFO - [load_and_prepare_data:177] - Preparing features for modeling
2026-01-11 09:17:21 - temp_module - INFO - [prepare_time_series_features:301] - Preparing time series features for bank VCB
2026-01-11 09:17:21 - temp_module - INFO - [calculate_time_series_ratios:157] - Calculating time series ratios for bank VCB
2026-01-11 09:17:21 - temp_module - INFO - [calculate_time_series_ratios:178] - Successfully calculated ratios for 20 periods
2026-01-11 09:17:21 - temp_module - INFO - [calculate_growth_rates:207] - Calculating growth rates for bank VCB
2026-01-11 09:17:21 - temp_module - INFO - [calculate_growth_rates:218] - Successfully calculated growth rates for 60 metrics
2026-01-11 09:17:21 - temp_module - INFO - [prepare_time_series_features:322] - Successfully prepared 451 features
2026-01-11 09:17:21 - bank_audit_system - INFO - [load_and_prepare_data:186] - Data preparation complete for VCB
2026-01-11 09:17:21 - bank_audit_system - INFO - [train_models:209] - Training risk assessment models
2026-01-11 09:17:21 - temp_module - INFO - [_mark_as_trained:123] - Credit Risk Model state changed to: trained
2026-01-11 09:17:21 - temp_module - INFO - [_train_elliptic_envelope:492] - Applied PCA to ensure full-rank covariance for EllipticEnvelope
2026-01-11 09:17:21 - bank_audit_system - INFO - [assess_all_risks:253] - Performing comprehensive risk assessment...
2026-01-11 09:17:21 - bank_audit_system - INFO - [run_complete_audit:463] - Audit Complete
2026-01-11 09:17:21 - bank_audit_system - INFO - [__init__:87] - Initializing Bank Audit System for BIDV - Period: 2024
2026-01-11 09:17:21 - temp_module - INFO - [__init__:103] - Initialized Credit Risk Model in state: uninitialized
2026-01-11 09:17:21 - temp_module - INFO - [__init__:103] - Initialized Liquidity Risk Model in state: uninitialized
2026-01-11 09:17:21 - bank_audit_system - INFO - [run_complete_audit:442] - Starting Complete Audit for BIDV
2026-01-11 09:17:21 - bank_audit_system - INFO - [load_and_prepare_data:164] - Loading data for bank BIDV
2026-01-11 09:17:21 - temp_module - INFO - [load_time_series_data:87] - Loading time series data for bank: BIDV
2026-01-11 09:17:21 - temp_module - INFO - [load_time_series_data:104] - Found 20 records for bank BIDV
2026-01-11 09:17:21 - temp_module - INFO - [load_time_series_data:126] - Successfully loaded time series data with 20 periods
2026-01-11 09:17:21 - bank_audit_system - INFO - [load_and_prepare_data:173] - Calculating financial ratios
2026-01-11 09:17:21 - temp_module - INFO - [calculate_time_series_ratios:157] - Calculating time series ratios for bank BIDV
2026-01-11 09:17:21 - temp_module - INFO - [calculate_time_series_ratios:178] - Successfully calculated ratios for 20 periods
2026-01-11 09:17:21 - bank_audit_system - INFO - [load_and_prepare_data:177] - Preparing features for modeling
2026-01-11 09:17:21 - temp_module - INFO - [prepare_time_series_features:301] - Preparing time series features for bank BIDV
2026-01-11 09:17:21 - temp_module - INFO - [calculate_time_series_ratios:157] - Calculating time series ratios for bank BIDV
2026-01-11 09:17:21 - temp_module - INFO - [calculate_time_series_ratios:178] - Successfully calculated ratios for 20 periods
2026-01-11 09:17:21 - temp_module - INFO - [calculate_growth_rates:207] - Calculating growth rates for bank BIDV
2026-01-11 09:17:21 - temp_module - INFO - [calculate_growth_rates:218] - Successfully calculated growth rates for 60 metrics
2026-01-11 09:17:21 - temp_module - INFO - [prepare_time_series_features:322] - Successfully prepared 451 features
2026-01-11 09:17:21 - bank_audit_system - INFO - [load_and_prepare_data:186] - Data preparation complete for BIDV
2026-01-11 09:17:21 - bank_audit_system - INFO - [train_models:209] - Training risk assessment models
2026-01-11 09:17:22 - temp_module - INFO - [_mark_as_trained:123] - Credit Risk Model state changed to: trained
2026-01-11 09:17:22 - temp_module - INFO - [_train_elliptic_envelope:492] - Applied PCA to ensure full-rank covariance for EllipticEnvelope
2026-01-11 09:17:22 - bank_audit_system - INFO - [assess_all_risks:253] - Performing comprehensive risk assessment...
2026-01-11 09:17:22 - bank_audit_system - INFO - [run_complete_audit:463] - Audit Complete
2026-01-11 09:17:22 - bank_audit_system - INFO - [__init__:87] - Initializing Bank Audit System for CTG - Period: 2024
2026-01-11 09:17:22 - temp_module - INFO - [__init__:103] - Initialized Credit Risk Model in state: uninitialized
2026-01-11 09:17:22 - temp_module - INFO - [__init__:103] - Initialized Liquidity Risk Model in state: uninitialized
2026-01-11 09:17:22 - bank_audit_system - INFO - [run_complete_audit:442] - Starting Complete Audit for CTG
2026-01-11 09:17:22 - bank_audit_system - INFO - [load_and_prepare_data:164] - Loading data for bank CTG
2026-01-11 09:17:22 - temp_module - INFO - [load_time_series_data:87] - Loading time series data for bank: CTG
2026-01-11 09:17:22 - temp_module - INFO - [load_time_series_data:104] - Found 20 records for bank CTG
2026-01-11 09:17:22 - temp_module - INFO - [load_time_series_data:126] - Successfully loaded time series data with 20 periods
2026-01-11 09:17:22 - bank_audit_system - INFO - [load_and_prepare_data:173] - Calculating financial ratios
2026-01-11 09:17:22 - temp_module - INFO - [calculate_time_series_ratios:157] - Calculating time series ratios for bank CTG
2026-01-11 09:17:22 - temp_module - INFO - [calculate_time_series_ratios:178] - Successfully calculated ratios for 20 periods
2026-01-11 09:17:22 - bank_audit_system - INFO - [load_and_prepare_data:177] - Preparing features for modeling
2026-01-11 09:17:22 - temp_module - INFO - [prepare_time_series_features:301] - Preparing time series features for bank CTG
2026-01-11 09:17:22 - temp_module - INFO - [calculate_time_series_ratios:157] - Calculating time series ratios for bank CTG
2026-01-11 09:17:22 - temp_module - INFO - [calculate_time_series_ratios:178] - Successfully calculated ratios for 20 periods
2026-01-11 09:17:22 - temp_module - INFO - [calculate_growth_rates:207] - Calculating growth rates for bank CTG
2026-01-11 09:17:22 - temp_module - INFO - [calculate_growth_rates:218] - Successfully calculated growth rates for 60 metrics
2026-01-11 09:17:22 - temp_module - INFO - [prepare_time_series_features:322] - Successfully prepared 451 features
2026-01-11 09:17:22 - bank_audit_system - INFO - [load_and_prepare_data:186] - Data preparation complete for CTG
2026-01-11 09:17:22 - bank_audit_system - INFO - [train_models:209] - Training risk assessment models
2026-01-11 09:17:22 - temp_module - INFO - [_mark_as_trained:123] - Credit Risk Model state changed to: trained
2026-01-11 09:17:22 - temp_module - INFO - [_train_elliptic_envelope:492] - Applied PCA to ensure full-rank covariance for EllipticEnvelope
2026-01-11 09:17:23 - bank_audit_system - INFO - [assess_all_risks:253] - Performing comprehensive risk assessment...
2026-01-11 09:17:23 - bank_audit_system - INFO - [run_complete_audit:463] - Audit Complete
2026-01-11 09:17:23 - bank_audit_system - INFO - [__init__:87] - Initializing Bank Audit System for ACB - Period: 2024
2026-01-11 09:17:23 - temp_module - INFO - [__init__:103] - Initialized Credit Risk Model in state: uninitialized
2026-01-11 09:17:23 - temp_module - INFO - [__init__:103] - Initialized Liquidity Risk Model in state: uninitialized
2026-01-11 09:17:23 - bank_audit_system - INFO - [run_complete_audit:442] - Starting Complete Audit for ACB
2026-01-11 09:17:23 - bank_audit_system - INFO - [load_and_prepare_data:164] - Loading data for bank ACB
2026-01-11 09:17:23 - temp_module - INFO - [load_time_series_data:87] - Loading time series data for bank: ACB
2026-01-11 09:17:23 - temp_module - INFO - [load_time_series_data:104] - Found 20 records for bank ACB
2026-01-11 09:17:23 - temp_module - INFO - [load_time_series_data:126] - Successfully loaded time series data with 20 periods
2026-01-11 09:17:23 - bank_audit_system - INFO - [load_and_prepare_data:173] - Calculating financial ratios
2026-01-11 09:17:23 - temp_module - INFO - [calculate_time_series_ratios:157] - Calculating time series ratios for bank ACB
2026-01-11 09:17:23 - temp_module - INFO - [calculate_time_series_ratios:178] - Successfully calculated ratios for 20 periods
2026-01-11 09:17:23 - bank_audit_system - INFO - [load_and_prepare_data:177] - Preparing features for modeling
2026-01-11 09:17:23 - temp_module - INFO - [prepare_time_series_features:301] - Preparing time series features for bank ACB
2026-01-11 09:17:23 - temp_module - INFO - [calculate_time_series_ratios:157] - Calculating time series ratios for bank ACB
2026-01-11 09:17:23 - temp_module - INFO - [calculate_time_series_ratios:178] - Successfully calculated ratios for 20 periods
2026-01-11 09:17:23 - temp_module - INFO - [calculate_growth_rates:207] - Calculating growth rates for bank ACB
2026-01-11 09:17:23 - temp_module - INFO - [calculate_growth_rates:218] - Successfully calculated growth rates for 60 metrics
2026-01-11 09:17:23 - temp_module - INFO - [prepare_time_series_features:322] - Successfully prepared 451 features
2026-01-11 09:17:23 - bank_audit_system - INFO - [load_and_prepare_data:186] - Data preparation complete for ACB
2026-01-11 09:17:23 - bank_audit_system - INFO - [train_models:209] - Training risk assessment models
2026-01-11 09:17:23 - temp_module - INFO - [_mark_as_trained:123] - Credit Risk Model state changed to: trained
2026-01-11 09:17:23 - temp_module - INFO - [_train_elliptic_envelope:492] - Applied PCA to ensure full-rank covariance for EllipticEnvelope
2026-01-11 09:17:23 - bank_audit_system - INFO - [assess_all_risks:253] - Performing comprehensive risk assessment...
2026-01-11 09:17:23 - bank_audit_system - INFO - [run_complete_audit:463] - Audit Complete
2026-01-11 09:17:23 - bank_audit_system - INFO - [__init__:87] - Initializing Bank Audit System for MBB - Period: 2024
2026-01-11 09:17:23 - temp_module - INFO - [__init__:103] - Initialized Credit Risk Model in state: uninitialized
2026-01-11 09:17:23 - temp_module - INFO - [__init__:103] - Initialized Liquidity Risk Model in state: uninitialized
2026-01-11 09:17:23 - bank_audit_system - INFO - [run_complete_audit:442] - Starting Complete Audit for MBB
2026-01-11 09:17:23 - bank_audit_system - INFO - [load_and_prepare_data:164] - Loading data for bank MBB
2026-01-11 09:17:23 - temp_module - INFO - [load_time_series_data:87] - Loading time series data for bank: MBB
2026-01-11 09:17:23 - temp_module - INFO - [load_time_series_data:104] - Found 20 records for bank MBB
2026-01-11 09:17:23 - temp_module - INFO - [load_time_series_data:126] - Successfully loaded time series data with 20 periods
2026-01-11 09:17:23 - bank_audit_system - INFO - [load_and_prepare_data:173] - Calculating financial ratios
2026-01-11 09:17:23 - temp_module - INFO - [calculate_time_series_ratios:157] - Calculating time series ratios for bank MBB
2026-01-11 09:17:23 - temp_module - INFO - [calculate_time_series_ratios:178] - Successfully calculated ratios for 20 periods
2026-01-11 09:17:23 - bank_audit_system - INFO - [load_and_prepare_data:177] - Preparing features for modeling
2026-01-11 09:17:23 - temp_module - INFO - [prepare_time_series_features:301] - Preparing time series features for bank MBB
2026-01-11 09:17:23 - temp_module - INFO - [calculate_time_series_ratios:157] - Calculating time series ratios for bank MBB
2026-01-11 09:17:23 - temp_module - INFO - [calculate_time_series_ratios:178] - Successfully calculated ratios for 20 periods
2026-01-11 09:17:23 - temp_module - INFO - [calculate_growth_rates:207] - Calculating growth rates for bank MBB
2026-01-11 09:17:23 - temp_module - INFO - [calculate_growth_rates:218] - Successfully calculated growth rates for 60 metrics
2026-01-11 09:17:23 - temp_module - INFO - [prepare_time_series_features:322] - Successfully prepared 451 features
2026-01-11 09:17:23 - bank_audit_system - INFO - [load_and_prepare_data:186] - Data preparation complete for MBB
2026-01-11 09:17:23 - bank_audit_system - INFO - [train_models:209] - Training risk assessment models
2026-01-11 09:17:23 - temp_module - INFO - [_mark_as_trained:123] - Credit Risk Model state changed to: trained
2026-01-11 09:17:24 - temp_module - INFO - [_train_elliptic_envelope:492] - Applied PCA to ensure full-rank covariance for EllipticEnvelope
2026-01-11 09:17:24 - bank_audit_system - INFO - [assess_all_risks:253] - Performing comprehensive risk assessment...
2026-01-11 09:17:24 - bank_audit_system - INFO - [run_complete_audit:463] - Audit Complete
2026-01-11 09:17:24 - __main__ - INFO - [run_batch_audit_example:413] -    - Completed audits for 5 banks
2026-01-11 09:17:24 - __main__ - INFO - [run_batch_audit_example:416] - 7. Aggregating batch results (vectorized)...
2026-01-11 09:17:24 - __main__ - INFO - [run_batch_audit_example:420] - Batch processing completed successfully!
2026-01-11 09:17:32 - __main__ - INFO - [<module>:40] - Using enhanced dataset (root): time_series_dataset_enriched_v2.csv
2026-01-11 09:17:32 - __main__ - INFO - [<module>:439] - MODULAR BANK AUDIT SYSTEM - EXAMPLES
2026-01-11 09:17:32 - __main__ - INFO - [run_simple_audit_example:59] - ================================================================================
2026-01-11 09:17:32 - __main__ - INFO - [run_simple_audit_example:60] - EXAMPLE 1: Simple Audit for Single Bank
2026-01-11 09:17:32 - __main__ - INFO - [run_simple_audit_example:61] - ================================================================================
2026-01-11 09:17:32 - bank_audit_system - INFO - [__init__:87] - Initializing Bank Audit System for VCB Bank - Period: 2024-Q1
2026-01-11 09:17:32 - temp_module - INFO - [__init__:103] - Initialized Credit Risk Model in state: uninitialized
2026-01-11 09:17:32 - temp_module - INFO - [__init__:103] - Initialized Liquidity Risk Model in state: uninitialized
2026-01-11 09:17:32 - bank_audit_system - INFO - [run_complete_audit:442] - Starting Complete Audit for VCB
2026-01-11 09:17:32 - bank_audit_system - INFO - [load_and_prepare_data:164] - Loading data for bank VCB
2026-01-11 09:17:32 - temp_module - INFO - [load_time_series_data:87] - Loading time series data for bank: VCB
2026-01-11 09:17:32 - temp_module - INFO - [load_time_series_data:104] - Found 20 records for bank VCB
2026-01-11 09:17:32 - temp_module - INFO - [load_time_series_data:126] - Successfully loaded time series data with 20 periods
2026-01-11 09:17:32 - bank_audit_system - INFO - [load_and_prepare_data:173] - Calculating financial ratios
2026-01-11 09:17:32 - temp_module - INFO - [calculate_time_series_ratios:157] - Calculating time series ratios for bank VCB
2026-01-11 09:17:32 - temp_module - INFO - [calculate_time_series_ratios:178] - Successfully calculated ratios for 20 periods
2026-01-11 09:17:32 - bank_audit_system - INFO - [load_and_prepare_data:177] - Preparing features for modeling
2026-01-11 09:17:32 - temp_module - INFO - [prepare_time_series_features:301] - Preparing time series features for bank VCB
2026-01-11 09:17:32 - temp_module - INFO - [calculate_time_series_ratios:157] - Calculating time series ratios for bank VCB
2026-01-11 09:17:32 - temp_module - INFO - [calculate_time_series_ratios:178] - Successfully calculated ratios for 20 periods
2026-01-11 09:17:32 - temp_module - INFO - [calculate_growth_rates:207] - Calculating growth rates for bank VCB
2026-01-11 09:17:32 - temp_module - INFO - [calculate_growth_rates:218] - Successfully calculated growth rates for 60 metrics
2026-01-11 09:17:32 - temp_module - INFO - [prepare_time_series_features:322] - Successfully prepared 451 features
2026-01-11 09:17:32 - bank_audit_system - INFO - [load_and_prepare_data:186] - Data preparation complete for VCB
2026-01-11 09:17:32 - bank_audit_system - INFO - [train_models:209] - Training risk assessment models
2026-01-11 09:17:33 - temp_module - INFO - [_mark_as_trained:123] - Credit Risk Model state changed to: trained
2026-01-11 09:17:34 - temp_module - INFO - [_train_elliptic_envelope:492] - Applied PCA to ensure full-rank covariance for EllipticEnvelope
2026-01-11 09:17:34 - bank_audit_system - INFO - [assess_all_risks:253] - Performing comprehensive risk assessment...
2026-01-11 09:17:34 - bank_audit_system - INFO - [run_complete_audit:463] - Audit Complete
2026-01-11 09:17:34 - temp_module - INFO - [print_report:451] - BANK AUDIT REPORT - VCB Bank
2026-01-11 09:17:34 - temp_module - INFO - [print_report:452] - Audit Period: 2024-Q1
2026-01-11 09:17:34 - temp_module - INFO - [print_report:453] - Report Date: 2026-01-11T09:17:34.745367
2026-01-11 09:17:34 - temp_module - INFO - [print_report:458] - EXECUTIVE SUMMARY
2026-01-11 09:17:34 - temp_module - INFO - [print_report:459] - Overall Status: LOW_RISK
2026-01-11 09:17:34 - temp_module - INFO - [print_report:472] - Strengths:
2026-01-11 09:17:34 - temp_module - INFO - [print_report:474] -   • Strong credit quality (Score: 8.9)
2026-01-11 09:17:34 - temp_module - INFO - [print_report:479] - OVERALL RISK ASSESSMENT
2026-01-11 09:17:34 - temp_module - INFO - [print_report:480] - Risk Score: 27.97
2026-01-11 09:17:34 - temp_module - INFO - [print_report:481] - Risk Level: MINIMAL
2026-01-11 09:17:34 - temp_module - INFO - [print_report:486] - Early Warnings: 0 (no adjustment)
2026-01-11 09:17:34 - temp_module - INFO - [print_report:490] - RECOMMENDATIONS
2026-01-11 09:17:34 - temp_module - INFO - [print_report:492] - 1. [LOW] Continue monitoring key risk indicators
2026-01-11 09:17:34 - temp_module - INFO - [print_report:493] -    Action: Maintain current risk management practices
2026-01-11 09:17:34 - temp_module - INFO - [print_report:494] -    Timeline: Ongoing
2026-01-11 09:17:35 - temp_module - INFO - [create_risk_dashboard:536] - Dashboard saved to: outputs/vcb_bank_dashboard.png
2026-01-11 09:17:35 - bank_audit_system - INFO - [export_results:508] - Results exported to outputs/vcb_bank_report.json
2026-01-11 09:17:35 - __main__ - INFO - [run_batch_audit_example:343] - EXAMPLE 6: Batch Processing (Optimized)
2026-01-11 09:17:35 - __main__ - INFO - [run_batch_audit_example:350] - Loaded 200 records for 10 banks
2026-01-11 09:17:35 - __main__ - INFO - [run_batch_audit_example:356] - 1. Computing ratios for all banks (vectorized)...
2026-01-11 09:17:35 - __main__ - INFO - [run_batch_audit_example:358] -    - Computed 200 ratio records
2026-01-11 09:17:35 - __main__ - INFO - [run_batch_audit_example:361] - 2. Identifying high-risk banks (vectorized)...
2026-01-11 09:17:35 - __main__ - INFO - [run_batch_audit_example:378] -    - Found 10 banks with violations
2026-01-11 09:17:35 - __main__ - INFO - [run_batch_audit_example:383] - 3. Computing statistics across all banks (vectorized)...
2026-01-11 09:17:35 - __main__ - INFO - [run_batch_audit_example:386] -    - Statistics for 10 banks
2026-01-11 09:17:35 - __main__ - INFO - [run_batch_audit_example:390] - 4. Ranking banks by NPL ratio (vectorized)...
2026-01-11 09:17:35 - __main__ - INFO - [run_batch_audit_example:392] -    - Top 5 safest banks (lowest NPL):
2026-01-11 09:17:35 - __main__ - INFO - [run_batch_audit_example:396] - 5. Detecting outlier banks (vectorized)...
2026-01-11 09:17:35 - __main__ - INFO - [run_batch_audit_example:402] -    - Found 0 outlier banks
2026-01-11 09:17:35 - __main__ - INFO - [run_batch_audit_example:405] - 6. Running audits for all banks (batch mode)...
2026-01-11 09:17:35 - bank_audit_system - INFO - [__init__:87] - Initializing Bank Audit System for VCB - Period: 2024
2026-01-11 09:17:35 - temp_module - INFO - [__init__:103] - Initialized Credit Risk Model in state: uninitialized
2026-01-11 09:17:35 - temp_module - INFO - [__init__:103] - Initialized Liquidity Risk Model in state: uninitialized
2026-01-11 09:17:35 - bank_audit_system - INFO - [run_complete_audit:442] - Starting Complete Audit for VCB
2026-01-11 09:17:35 - bank_audit_system - INFO - [load_and_prepare_data:164] - Loading data for bank VCB
2026-01-11 09:17:35 - temp_module - INFO - [load_time_series_data:87] - Loading time series data for bank: VCB
2026-01-11 09:17:35 - temp_module - INFO - [load_time_series_data:104] - Found 20 records for bank VCB
2026-01-11 09:17:35 - temp_module - INFO - [load_time_series_data:126] - Successfully loaded time series data with 20 periods
2026-01-11 09:17:35 - bank_audit_system - INFO - [load_and_prepare_data:173] - Calculating financial ratios
2026-01-11 09:17:35 - temp_module - INFO - [calculate_time_series_ratios:157] - Calculating time series ratios for bank VCB
2026-01-11 09:17:35 - temp_module - INFO - [calculate_time_series_ratios:178] - Successfully calculated ratios for 20 periods
2026-01-11 09:17:35 - bank_audit_system - INFO - [load_and_prepare_data:177] - Preparing features for modeling
2026-01-11 09:17:35 - temp_module - INFO - [prepare_time_series_features:301] - Preparing time series features for bank VCB
2026-01-11 09:17:35 - temp_module - INFO - [calculate_time_series_ratios:157] - Calculating time series ratios for bank VCB
2026-01-11 09:17:35 - temp_module - INFO - [calculate_time_series_ratios:178] - Successfully calculated ratios for 20 periods
2026-01-11 09:17:35 - temp_module - INFO - [calculate_growth_rates:207] - Calculating growth rates for bank VCB
2026-01-11 09:17:35 - temp_module - INFO - [calculate_growth_rates:218] - Successfully calculated growth rates for 60 metrics
2026-01-11 09:17:35 - temp_module - INFO - [prepare_time_series_features:322] - Successfully prepared 451 features
2026-01-11 09:17:35 - bank_audit_system - INFO - [load_and_prepare_data:186] - Data preparation complete for VCB
2026-01-11 09:17:35 - bank_audit_system - INFO - [train_models:209] - Training risk assessment models
2026-01-11 09:17:35 - temp_module - INFO - [_mark_as_trained:123] - Credit Risk Model state changed to: trained
2026-01-11 09:17:35 - temp_module - INFO - [_train_elliptic_envelope:492] - Applied PCA to ensure full-rank covariance for EllipticEnvelope
2026-01-11 09:17:35 - bank_audit_system - INFO - [assess_all_risks:253] - Performing comprehensive risk assessment...
2026-01-11 09:17:35 - bank_audit_system - INFO - [run_complete_audit:463] - Audit Complete
2026-01-11 09:17:35 - bank_audit_system - INFO - [__init__:87] - Initializing Bank Audit System for BIDV - Period: 2024
2026-01-11 09:17:35 - temp_module - INFO - [__init__:103] - Initialized Credit Risk Model in state: uninitialized
2026-01-11 09:17:35 - temp_module - INFO - [__init__:103] - Initialized Liquidity Risk Model in state: uninitialized
2026-01-11 09:17:35 - bank_audit_system - INFO - [run_complete_audit:442] - Starting Complete Audit for BIDV
2026-01-11 09:17:35 - bank_audit_system - INFO - [load_and_prepare_data:164] - Loading data for bank BIDV
2026-01-11 09:17:35 - temp_module - INFO - [load_time_series_data:87] - Loading time series data for bank: BIDV
2026-01-11 09:17:35 - temp_module - INFO - [load_time_series_data:104] - Found 20 records for bank BIDV
2026-01-11 09:17:35 - temp_module - INFO - [load_time_series_data:126] - Successfully loaded time series data with 20 periods
2026-01-11 09:17:35 - bank_audit_system - INFO - [load_and_prepare_data:173] - Calculating financial ratios
2026-01-11 09:17:35 - temp_module - INFO - [calculate_time_series_ratios:157] - Calculating time series ratios for bank BIDV
2026-01-11 09:17:35 - temp_module - INFO - [calculate_time_series_ratios:178] - Successfully calculated ratios for 20 periods
2026-01-11 09:17:35 - bank_audit_system - INFO - [load_and_prepare_data:177] - Preparing features for modeling
2026-01-11 09:17:35 - temp_module - INFO - [prepare_time_series_features:301] - Preparing time series features for bank BIDV
2026-01-11 09:17:35 - temp_module - INFO - [calculate_time_series_ratios:157] - Calculating time series ratios for bank BIDV
2026-01-11 09:17:35 - temp_module - INFO - [calculate_time_series_ratios:178] - Successfully calculated ratios for 20 periods
2026-01-11 09:17:35 - temp_module - INFO - [calculate_growth_rates:207] - Calculating growth rates for bank BIDV
2026-01-11 09:17:35 - temp_module - INFO - [calculate_growth_rates:218] - Successfully calculated growth rates for 60 metrics
2026-01-11 09:17:35 - temp_module - INFO - [prepare_time_series_features:322] - Successfully prepared 451 features
2026-01-11 09:17:35 - bank_audit_system - INFO - [load_and_prepare_data:186] - Data preparation complete for BIDV
2026-01-11 09:17:35 - bank_audit_system - INFO - [train_models:209] - Training risk assessment models
2026-01-11 09:17:36 - temp_module - INFO - [_mark_as_trained:123] - Credit Risk Model state changed to: trained
2026-01-11 09:17:36 - temp_module - INFO - [_train_elliptic_envelope:492] - Applied PCA to ensure full-rank covariance for EllipticEnvelope
2026-01-11 09:17:36 - bank_audit_system - INFO - [assess_all_risks:253] - Performing comprehensive risk assessment...
2026-01-11 09:17:36 - bank_audit_system - INFO - [run_complete_audit:463] - Audit Complete
2026-01-11 09:17:36 - bank_audit_system - INFO - [__init__:87] - Initializing Bank Audit System for CTG - Period: 2024
2026-01-11 09:17:36 - temp_module - INFO - [__init__:103] - Initialized Credit Risk Model in state: uninitialized
2026-01-11 09:17:36 - temp_module - INFO - [__init__:103] - Initialized Liquidity Risk Model in state: uninitialized
2026-01-11 09:17:36 - bank_audit_system - INFO - [run_complete_audit:442] - Starting Complete Audit for CTG
2026-01-11 09:17:36 - bank_audit_system - INFO - [load_and_prepare_data:164] - Loading data for bank CTG
2026-01-11 09:17:36 - temp_module - INFO - [load_time_series_data:87] - Loading time series data for bank: CTG
2026-01-11 09:17:36 - temp_module - INFO - [load_time_series_data:104] - Found 20 records for bank CTG
2026-01-11 09:17:36 - temp_module - INFO - [load_time_series_data:126] - Successfully loaded time series data with 20 periods
2026-01-11 09:17:36 - bank_audit_system - INFO - [load_and_prepare_data:173] - Calculating financial ratios
2026-01-11 09:17:36 - temp_module - INFO - [calculate_time_series_ratios:157] - Calculating time series ratios for bank CTG
2026-01-11 09:17:36 - temp_module - INFO - [calculate_time_series_ratios:178] - Successfully calculated ratios for 20 periods
2026-01-11 09:17:36 - bank_audit_system - INFO - [load_and_prepare_data:177] - Preparing features for modeling
2026-01-11 09:17:36 - temp_module - INFO - [prepare_time_series_features:301] - Preparing time series features for bank CTG
2026-01-11 09:17:36 - temp_module - INFO - [calculate_time_series_ratios:157] - Calculating time series ratios for bank CTG
2026-01-11 09:17:36 - temp_module - INFO - [calculate_time_series_ratios:178] - Successfully calculated ratios for 20 periods
2026-01-11 09:17:36 - temp_module - INFO - [calculate_growth_rates:207] - Calculating growth rates for bank CTG
2026-01-11 09:17:36 - temp_module - INFO - [calculate_growth_rates:218] - Successfully calculated growth rates for 60 metrics
2026-01-11 09:17:36 - temp_module - INFO - [prepare_time_series_features:322] - Successfully prepared 451 features
2026-01-11 09:17:36 - bank_audit_system - INFO - [load_and_prepare_data:186] - Data preparation complete for CTG
2026-01-11 09:17:36 - bank_audit_system - INFO - [train_models:209] - Training risk assessment models
2026-01-11 09:17:36 - temp_module - INFO - [_mark_as_trained:123] - Credit Risk Model state changed to: trained
2026-01-11 09:17:36 - temp_module - INFO - [_train_elliptic_envelope:492] - Applied PCA to ensure full-rank covariance for EllipticEnvelope
2026-01-11 09:17:36 - bank_audit_system - INFO - [assess_all_risks:253] - Performing comprehensive risk assessment...
2026-01-11 09:17:37 - bank_audit_system - INFO - [run_complete_audit:463] - Audit Complete
2026-01-11 09:17:37 - bank_audit_system - INFO - [__init__:87] - Initializing Bank Audit System for ACB - Period: 2024
2026-01-11 09:17:37 - temp_module - INFO - [__init__:103] - Initialized Credit Risk Model in state: uninitialized
2026-01-11 09:17:37 - temp_module - INFO - [__init__:103] - Initialized Liquidity Risk Model in state: uninitialized
2026-01-11 09:17:37 - bank_audit_system - INFO - [run_complete_audit:442] - Starting Complete Audit for ACB
2026-01-11 09:17:37 - bank_audit_system - INFO - [load_and_prepare_data:164] - Loading data for bank ACB
2026-01-11 09:17:37 - temp_module - INFO - [load_time_series_data:87] - Loading time series data for bank: ACB
2026-01-11 09:17:37 - temp_module - INFO - [load_time_series_data:104] - Found 20 records for bank ACB
2026-01-11 09:17:37 - temp_module - INFO - [load_time_series_data:126] - Successfully loaded time series data with 20 periods
2026-01-11 09:17:37 - bank_audit_system - INFO - [load_and_prepare_data:173] - Calculating financial ratios
2026-01-11 09:17:37 - temp_module - INFO - [calculate_time_series_ratios:157] - Calculating time series ratios for bank ACB
2026-01-11 09:17:37 - temp_module - INFO - [calculate_time_series_ratios:178] - Successfully calculated ratios for 20 periods
2026-01-11 09:17:37 - bank_audit_system - INFO - [load_and_prepare_data:177] - Preparing features for modeling
2026-01-11 09:17:37 - temp_module - INFO - [prepare_time_series_features:301] - Preparing time series features for bank ACB
2026-01-11 09:17:37 - temp_module - INFO - [calculate_time_series_ratios:157] - Calculating time series ratios for bank ACB
2026-01-11 09:17:37 - temp_module - INFO - [calculate_time_series_ratios:178] - Successfully calculated ratios for 20 periods
2026-01-11 09:17:37 - temp_module - INFO - [calculate_growth_rates:207] - Calculating growth rates for bank ACB
2026-01-11 09:17:37 - temp_module - INFO - [calculate_growth_rates:218] - Successfully calculated growth rates for 60 metrics
2026-01-11 09:17:37 - temp_module - INFO - [prepare_time_series_features:322] - Successfully prepared 451 features
2026-01-11 09:17:37 - bank_audit_system - INFO - [load_and_prepare_data:186] - Data preparation complete for ACB
2026-01-11 09:17:37 - bank_audit_system - INFO - [train_models:209] - Training risk assessment models
2026-01-11 09:17:37 - temp_module - INFO - [_mark_as_trained:123] - Credit Risk Model state changed to: trained
2026-01-11 09:17:37 - temp_module - INFO - [_train_elliptic_envelope:492] - Applied PCA to ensure full-rank covariance for EllipticEnvelope
2026-01-11 09:17:37 - bank_audit_system - INFO - [assess_all_risks:253] - Performing comprehensive risk assessment...
2026-01-11 09:17:37 - bank_audit_system - INFO - [run_complete_audit:463] - Audit Complete
2026-01-11 09:17:37 - bank_audit_system - INFO - [__init__:87] - Initializing Bank Audit System for MBB - Period: 2024
2026-01-11 09:17:37 - temp_module - INFO - [__init__:103] - Initialized Credit Risk Model in state: uninitialized
2026-01-11 09:17:37 - temp_module - INFO - [__init__:103] - Initialized Liquidity Risk Model in state: uninitialized
2026-01-11 09:17:37 - bank_audit_system - INFO - [run_complete_audit:442] - Starting Complete Audit for MBB
2026-01-11 09:17:37 - bank_audit_system - INFO - [load_and_prepare_data:164] - Loading data for bank MBB
2026-01-11 09:17:37 - temp_module - INFO - [load_time_series_data:87] - Loading time series data for bank: MBB
2026-01-11 09:17:37 - temp_module - INFO - [load_time_series_data:104] - Found 20 records for bank MBB
2026-01-11 09:17:37 - temp_module - INFO - [load_time_series_data:126] - Successfully loaded time series data with 20 periods
2026-01-11 09:17:37 - bank_audit_system - INFO - [load_and_prepare_data:173] - Calculating financial ratios
2026-01-11 09:17:37 - temp_module - INFO - [calculate_time_series_ratios:157] - Calculating time series ratios for bank MBB
2026-01-11 09:17:37 - temp_module - INFO - [calculate_time_series_ratios:178] - Successfully calculated ratios for 20 periods
2026-01-11 09:17:37 - bank_audit_system - INFO - [load_and_prepare_data:177] - Preparing features for modeling
2026-01-11 09:17:37 - temp_module - INFO - [prepare_time_series_features:301] - Preparing time series features for bank MBB
2026-01-11 09:17:37 - temp_module - INFO - [calculate_time_series_ratios:157] - Calculating time series ratios for bank MBB
2026-01-11 09:17:37 - temp_module - INFO - [calculate_time_series_ratios:178] - Successfully calculated ratios for 20 periods
2026-01-11 09:17:37 - temp_module - INFO - [calculate_growth_rates:207] - Calculating growth rates for bank MBB
2026-01-11 09:17:37 - temp_module - INFO - [calculate_growth_rates:218] - Successfully calculated growth rates for 60 metrics
2026-01-11 09:17:37 - temp_module - INFO - [prepare_time_series_features:322] - Successfully prepared 451 features
2026-01-11 09:17:37 - bank_audit_system - INFO - [load_and_prepare_data:186] - Data preparation complete for MBB
2026-01-11 09:17:37 - bank_audit_system - INFO - [train_models:209] - Training risk assessment models
2026-01-11 09:17:37 - temp_module - INFO - [_mark_as_trained:123] - Credit Risk Model state changed to: trained
2026-01-11 09:17:38 - temp_module - INFO - [_train_elliptic_envelope:492] - Applied PCA to ensure full-rank covariance for EllipticEnvelope
2026-01-11 09:17:38 - bank_audit_system - INFO - [assess_all_risks:253] - Performing comprehensive risk assessment...
2026-01-11 09:17:38 - bank_audit_system - INFO - [run_complete_audit:463] - Audit Complete
2026-01-11 09:17:38 - __main__ - INFO - [run_batch_audit_example:413] -    - Completed audits for 5 banks
2026-01-11 09:17:38 - __main__ - INFO - [run_batch_audit_example:416] - 7. Aggregating batch results (vectorized)...
2026-01-11 09:17:38 - __main__ - INFO - [run_batch_audit_example:420] - Batch processing completed successfully!
